<?xml version="1.0" encoding="UTF-8"?>
<!-- Generated by org.testng.reporters.JUnitXMLReporter -->
<testsuite hostname="SUNNY-PC" ignored="0" name="Default test" tests="3" failures="0" timestamp="20 Aug 2018 18:27:13 GMT" time="45.546" errors="0">
  <testcase name="crmLogoTest" time="0.08" classname="com.qa.test.LoginTest"/>
  <testcase name="validateLoginPageTitleTest" time="0.016" classname="com.qa.test.LoginTest"/>
  <testcase name="loginTest" time="15.192" classname="com.qa.test.LoginTest"/>
</testsuite> <!-- Default test -->
